DEBUG - 2025-07-10 02:59:45 --> Session: Class initialized using 'CodeIgniter\Session\Handlers\FileHandler' driver.
DEBUG - 2025-07-10 02:59:45 --> Session: Class initialized using 'CodeIgniter\Session\Handlers\FileHandler' driver.
DEBUG - 2025-07-10 02:59:55 --> Session: Class initialized using 'CodeIgniter\Session\Handlers\FileHandler' driver.
DEBUG - 2025-07-10 02:59:56 --> Session: Class initialized using 'CodeIgniter\Session\Handlers\FileHandler' driver.
DEBUG - 2025-07-10 02:59:56 --> Session: Class initialized using 'CodeIgniter\Session\Handlers\FileHandler' driver.
DEBUG - 2025-07-10 03:03:44 --> Session: Class initialized using 'CodeIgniter\Session\Handlers\FileHandler' driver.
DEBUG - 2025-07-10 03:04:44 --> Session: Class initialized using 'CodeIgniter\Session\Handlers\FileHandler' driver.
DEBUG - 2025-07-10 03:05:00 --> Session: Class initialized using 'CodeIgniter\Session\Handlers\FileHandler' driver.
DEBUG - 2025-07-10 03:05:48 --> Session: Class initialized using 'CodeIgniter\Session\Handlers\FileHandler' driver.
DEBUG - 2025-07-10 03:06:01 --> Session: Class initialized using 'CodeIgniter\Session\Handlers\FileHandler' driver.
DEBUG - 2025-07-10 03:06:36 --> Session: Class initialized using 'CodeIgniter\Session\Handlers\FileHandler' driver.
DEBUG - 2025-07-10 03:07:12 --> Session: Class initialized using 'CodeIgniter\Session\Handlers\FileHandler' driver.
DEBUG - 2025-07-10 03:07:20 --> Session: Class initialized using 'CodeIgniter\Session\Handlers\FileHandler' driver.
DEBUG - 2025-07-10 03:07:21 --> Session: Class initialized using 'CodeIgniter\Session\Handlers\FileHandler' driver.
DEBUG - 2025-07-10 03:07:21 --> Session: Class initialized using 'CodeIgniter\Session\Handlers\FileHandler' driver.
DEBUG - 2025-07-10 03:07:35 --> Session: Class initialized using 'CodeIgniter\Session\Handlers\FileHandler' driver.
DEBUG - 2025-07-10 03:07:51 --> Session: Class initialized using 'CodeIgniter\Session\Handlers\FileHandler' driver.
DEBUG - 2025-07-10 03:07:51 --> Session: Class initialized using 'CodeIgniter\Session\Handlers\FileHandler' driver.
DEBUG - 2025-07-10 03:07:57 --> Session: Class initialized using 'CodeIgniter\Session\Handlers\FileHandler' driver.
DEBUG - 2025-07-10 03:07:57 --> Session: Class initialized using 'CodeIgniter\Session\Handlers\FileHandler' driver.
DEBUG - 2025-07-10 03:07:58 --> Session: Class initialized using 'CodeIgniter\Session\Handlers\FileHandler' driver.
DEBUG - 2025-07-10 03:10:25 --> Session: Class initialized using 'CodeIgniter\Session\Handlers\FileHandler' driver.
DEBUG - 2025-07-10 03:10:26 --> Session: Class initialized using 'CodeIgniter\Session\Handlers\FileHandler' driver.
DEBUG - 2025-07-10 03:10:26 --> Session: Class initialized using 'CodeIgniter\Session\Handlers\FileHandler' driver.
DEBUG - 2025-07-10 03:12:06 --> Session: Class initialized using 'CodeIgniter\Session\Handlers\FileHandler' driver.
DEBUG - 2025-07-10 03:12:06 --> Session: Class initialized using 'CodeIgniter\Session\Handlers\FileHandler' driver.
DEBUG - 2025-07-10 03:12:07 --> Session: Class initialized using 'CodeIgniter\Session\Handlers\FileHandler' driver.
DEBUG - 2025-07-10 03:12:53 --> Session: Class initialized using 'CodeIgniter\Session\Handlers\FileHandler' driver.
DEBUG - 2025-07-10 03:12:54 --> Session: Class initialized using 'CodeIgniter\Session\Handlers\FileHandler' driver.
DEBUG - 2025-07-10 03:12:54 --> Session: Class initialized using 'CodeIgniter\Session\Handlers\FileHandler' driver.
DEBUG - 2025-07-10 03:13:10 --> Session: Class initialized using 'CodeIgniter\Session\Handlers\FileHandler' driver.
DEBUG - 2025-07-10 03:13:10 --> Session: Class initialized using 'CodeIgniter\Session\Handlers\FileHandler' driver.
DEBUG - 2025-07-10 03:13:10 --> Session: Class initialized using 'CodeIgniter\Session\Handlers\FileHandler' driver.
DEBUG - 2025-07-10 03:30:17 --> Session: Class initialized using 'CodeIgniter\Session\Handlers\FileHandler' driver.
DEBUG - 2025-07-10 03:30:18 --> Session: Class initialized using 'CodeIgniter\Session\Handlers\FileHandler' driver.
DEBUG - 2025-07-10 03:30:18 --> Session: Class initialized using 'CodeIgniter\Session\Handlers\FileHandler' driver.
DEBUG - 2025-07-10 03:30:28 --> Session: Class initialized using 'CodeIgniter\Session\Handlers\FileHandler' driver.
DEBUG - 2025-07-10 03:31:03 --> Session: Class initialized using 'CodeIgniter\Session\Handlers\FileHandler' driver.
DEBUG - 2025-07-10 04:06:48 --> Session: Class initialized using 'CodeIgniter\Session\Handlers\FileHandler' driver.
DEBUG - 2025-07-10 05:04:54 --> Session: Class initialized using 'CodeIgniter\Session\Handlers\FileHandler' driver.
DEBUG - 2025-07-10 05:04:55 --> Session: Class initialized using 'CodeIgniter\Session\Handlers\FileHandler' driver.
DEBUG - 2025-07-10 06:00:06 --> Session: Class initialized using 'CodeIgniter\Session\Handlers\FileHandler' driver.
DEBUG - 2025-07-10 06:00:16 --> Session: Class initialized using 'CodeIgniter\Session\Handlers\FileHandler' driver.
DEBUG - 2025-07-10 06:00:16 --> Session: Class initialized using 'CodeIgniter\Session\Handlers\FileHandler' driver.
DEBUG - 2025-07-10 06:00:22 --> Session: Class initialized using 'CodeIgniter\Session\Handlers\FileHandler' driver.
DEBUG - 2025-07-10 06:04:15 --> Session: Class initialized using 'CodeIgniter\Session\Handlers\FileHandler' driver.
DEBUG - 2025-07-10 06:05:31 --> Session: Class initialized using 'CodeIgniter\Session\Handlers\FileHandler' driver.
DEBUG - 2025-07-10 06:05:54 --> Session: Class initialized using 'CodeIgniter\Session\Handlers\FileHandler' driver.
DEBUG - 2025-07-10 06:12:48 --> Session: Class initialized using 'CodeIgniter\Session\Handlers\FileHandler' driver.
DEBUG - 2025-07-10 06:15:46 --> Session: Class initialized using 'CodeIgniter\Session\Handlers\FileHandler' driver.
DEBUG - 2025-07-10 06:21:18 --> Session: Class initialized using 'CodeIgniter\Session\Handlers\FileHandler' driver.
DEBUG - 2025-07-10 06:38:08 --> Session: Class initialized using 'CodeIgniter\Session\Handlers\FileHandler' driver.
DEBUG - 2025-07-10 06:38:18 --> Session: Class initialized using 'CodeIgniter\Session\Handlers\FileHandler' driver.
DEBUG - 2025-07-10 06:38:30 --> Session: Class initialized using 'CodeIgniter\Session\Handlers\FileHandler' driver.
DEBUG - 2025-07-10 06:38:42 --> Session: Class initialized using 'CodeIgniter\Session\Handlers\FileHandler' driver.
DEBUG - 2025-07-10 06:38:48 --> Session: Class initialized using 'CodeIgniter\Session\Handlers\FileHandler' driver.
DEBUG - 2025-07-10 06:38:48 --> Session: Class initialized using 'CodeIgniter\Session\Handlers\FileHandler' driver.
DEBUG - 2025-07-10 06:38:56 --> Session: Class initialized using 'CodeIgniter\Session\Handlers\FileHandler' driver.
DEBUG - 2025-07-10 06:39:07 --> Session: Class initialized using 'CodeIgniter\Session\Handlers\FileHandler' driver.
DEBUG - 2025-07-10 06:40:22 --> Session: Class initialized using 'CodeIgniter\Session\Handlers\FileHandler' driver.
ERROR - 2025-07-10 06:40:22 --> mysqli_sql_exception: Operand should contain 1 column(s) in C:\xampp\htdocs\dpwrf\system\Database\MySQLi\Connection.php:327
Stack trace:
#0 C:\xampp\htdocs\dpwrf\system\Database\MySQLi\Connection.php(327): mysqli->query('INSERT INTO `re...', 0)
#1 C:\xampp\htdocs\dpwrf\system\Database\BaseConnection.php(738): CodeIgniter\Database\MySQLi\Connection->execute('INSERT INTO `re...')
#2 C:\xampp\htdocs\dpwrf\system\Database\BaseConnection.php(652): CodeIgniter\Database\BaseConnection->simpleQuery('INSERT INTO `re...')
#3 C:\xampp\htdocs\dpwrf\system\Database\BaseBuilder.php(2345): CodeIgniter\Database\BaseConnection->query('INSERT INTO `re...', Array, false)
#4 C:\xampp\htdocs\dpwrf\system\Model.php(394): CodeIgniter\Database\BaseBuilder->insert()
#5 C:\xampp\htdocs\dpwrf\system\BaseModel.php(839): CodeIgniter\Model->doInsert(Array)
#6 C:\xampp\htdocs\dpwrf\system\Model.php(800): CodeIgniter\BaseModel->insert(Array, false)
#7 C:\xampp\htdocs\dpwrf\system\BaseModel.php(750): CodeIgniter\Model->insert(Array, false)
#8 C:\xampp\htdocs\dpwrf\app\Controllers\Save.php(72): CodeIgniter\BaseModel->save(Array)
#9 C:\xampp\htdocs\dpwrf\system\CodeIgniter.php(933): App\Controllers\Save->saveRequest()
#10 C:\xampp\htdocs\dpwrf\system\CodeIgniter.php(507): CodeIgniter\CodeIgniter->runController(Object(App\Controllers\Save))
#11 C:\xampp\htdocs\dpwrf\system\CodeIgniter.php(354): CodeIgniter\CodeIgniter->handleRequest(NULL, Object(Config\Cache), false)
#12 C:\xampp\htdocs\dpwrf\system\Boot.php(334): CodeIgniter\CodeIgniter->run()
#13 C:\xampp\htdocs\dpwrf\system\Boot.php(67): CodeIgniter\Boot::runCodeIgniter(Object(CodeIgniter\CodeIgniter))
#14 C:\xampp\htdocs\dpwrf\public\index.php(56): CodeIgniter\Boot::bootWeb(Object(Config\Paths))
#15 C:\xampp\htdocs\dpwrf\system\rewrite.php(44): require_once('C:\\xampp\\htdocs...')
#16 {main}
CRITICAL - 2025-07-10 06:40:22 --> CodeIgniter\Database\Exceptions\DatabaseException: Operand should contain 1 column(s)
[Method: POST, Route: save-request]
in SYSTEMPATH\Database\BaseConnection.php on line 692.
 1 SYSTEMPATH\Database\BaseBuilder.php(2345): CodeIgniter\Database\BaseConnection->query('INSERT INTO `request` (`accountID`, `control_number`, `from`, `date_prepared`, `date_needed`, `equipment_name`, `equipment_model`, `equipment_maker`, `equipment_brand`, `serial_number`, `size`, `dimension`, `problem`, `cause`, `work_required`, `status`, `year`, `created_at`, `updated_at`) VALUES (:accountID:, :control_number:, :from:, :date_prepared:, :date_needed:, :equipment_name:, :equipment_model:, :equipment_maker:, :equipment_brand:, :serial_number:, :size:, :dimension:, :problem:, :cause:, :work_required:, :status:, :year:, :created_at:, :updated_at:)', [...], false)
 2 SYSTEMPATH\Model.php(394): CodeIgniter\Database\BaseBuilder->insert()
 3 SYSTEMPATH\BaseModel.php(839): CodeIgniter\Model->doInsert([...])
 4 SYSTEMPATH\Model.php(800): CodeIgniter\BaseModel->insert([...], false)
 5 SYSTEMPATH\BaseModel.php(750): CodeIgniter\Model->insert([...], false)
 6 APPPATH\Controllers\Save.php(72): CodeIgniter\BaseModel->save([...])
 7 SYSTEMPATH\CodeIgniter.php(933): App\Controllers\Save->saveRequest()
 8 SYSTEMPATH\CodeIgniter.php(507): CodeIgniter\CodeIgniter->runController(Object(App\Controllers\Save))
 9 SYSTEMPATH\CodeIgniter.php(354): CodeIgniter\CodeIgniter->handleRequest(null, Object(Config\Cache), false)
10 SYSTEMPATH\Boot.php(334): CodeIgniter\CodeIgniter->run()
11 SYSTEMPATH\Boot.php(67): CodeIgniter\Boot::runCodeIgniter(Object(CodeIgniter\CodeIgniter))
12 FCPATH\index.php(56): CodeIgniter\Boot::bootWeb(Object(Config\Paths))
13 SYSTEMPATH\rewrite.php(44): require_once('C:\\xampp\\htdocs\\dpwrf\\public\\index.php')
CRITICAL - 2025-07-10 06:40:22 --> [Caused by] CodeIgniter\Database\Exceptions\DatabaseException: Operand should contain 1 column(s)
in SYSTEMPATH\Database\MySQLi\Connection.php on line 332.
 1 SYSTEMPATH\Database\BaseConnection.php(738): CodeIgniter\Database\MySQLi\Connection->execute('INSERT INTO `request` (`accountID`, `control_number`, `from`, `date_prepared`, `date_needed`, `equipment_name`, `equipment_model`, `equipment_maker`, `equipment_brand`, `serial_number`, `size`, `dimension`, `problem`, `cause`, `work_required`, `status`, `year`, `created_at`, `updated_at`) VALUES (\'2\', \'FCM15-D/PRWRF-2025-001\', \'5\', \'2025-07-10\', \'2025-07-15\', \'Sample of item in vessel\', \'A\', \'B\', \'C\', \'KL232142\', \'Small\', \'10x20\', (\'Item 2\',\'Item 1\'), \'Sample of message here\', \'Test again for work required\', 0, \'2025\', \'2025-07-10 06:40:22\', \'2025-07-10 06:40:22\')')
 2 SYSTEMPATH\Database\BaseConnection.php(652): CodeIgniter\Database\BaseConnection->simpleQuery('INSERT INTO `request` (`accountID`, `control_number`, `from`, `date_prepared`, `date_needed`, `equipment_name`, `equipment_model`, `equipment_maker`, `equipment_brand`, `serial_number`, `size`, `dimension`, `problem`, `cause`, `work_required`, `status`, `year`, `created_at`, `updated_at`) VALUES (\'2\', \'FCM15-D/PRWRF-2025-001\', \'5\', \'2025-07-10\', \'2025-07-15\', \'Sample of item in vessel\', \'A\', \'B\', \'C\', \'KL232142\', \'Small\', \'10x20\', (\'Item 2\',\'Item 1\'), \'Sample of message here\', \'Test again for work required\', 0, \'2025\', \'2025-07-10 06:40:22\', \'2025-07-10 06:40:22\')')
 3 SYSTEMPATH\Database\BaseBuilder.php(2345): CodeIgniter\Database\BaseConnection->query('INSERT INTO `request` (`accountID`, `control_number`, `from`, `date_prepared`, `date_needed`, `equipment_name`, `equipment_model`, `equipment_maker`, `equipment_brand`, `serial_number`, `size`, `dimension`, `problem`, `cause`, `work_required`, `status`, `year`, `created_at`, `updated_at`) VALUES (:accountID:, :control_number:, :from:, :date_prepared:, :date_needed:, :equipment_name:, :equipment_model:, :equipment_maker:, :equipment_brand:, :serial_number:, :size:, :dimension:, :problem:, :cause:, :work_required:, :status:, :year:, :created_at:, :updated_at:)', [...], false)
 4 SYSTEMPATH\Model.php(394): CodeIgniter\Database\BaseBuilder->insert()
 5 SYSTEMPATH\BaseModel.php(839): CodeIgniter\Model->doInsert([...])
 6 SYSTEMPATH\Model.php(800): CodeIgniter\BaseModel->insert([...], false)
 7 SYSTEMPATH\BaseModel.php(750): CodeIgniter\Model->insert([...], false)
 8 APPPATH\Controllers\Save.php(72): CodeIgniter\BaseModel->save([...])
 9 SYSTEMPATH\CodeIgniter.php(933): App\Controllers\Save->saveRequest()
10 SYSTEMPATH\CodeIgniter.php(507): CodeIgniter\CodeIgniter->runController(Object(App\Controllers\Save))
11 SYSTEMPATH\CodeIgniter.php(354): CodeIgniter\CodeIgniter->handleRequest(null, Object(Config\Cache), false)
12 SYSTEMPATH\Boot.php(334): CodeIgniter\CodeIgniter->run()
13 SYSTEMPATH\Boot.php(67): CodeIgniter\Boot::runCodeIgniter(Object(CodeIgniter\CodeIgniter))
14 FCPATH\index.php(56): CodeIgniter\Boot::bootWeb(Object(Config\Paths))
15 SYSTEMPATH\rewrite.php(44): require_once('C:\\xampp\\htdocs\\dpwrf\\public\\index.php')
CRITICAL - 2025-07-10 06:40:22 --> [Caused by] mysqli_sql_exception: Operand should contain 1 column(s)
in SYSTEMPATH\Database\MySQLi\Connection.php on line 327.
 1 SYSTEMPATH\Database\MySQLi\Connection.php(327): mysqli->query('INSERT INTO `request` (`accountID`, `control_number`, `from`, `date_prepared`, `date_needed`, `equipment_name`, `equipment_model`, `equipment_maker`, `equipment_brand`, `serial_number`, `size`, `dimension`, `problem`, `cause`, `work_required`, `status`, `year`, `created_at`, `updated_at`) VALUES (\'2\', \'FCM15-D/PRWRF-2025-001\', \'5\', \'2025-07-10\', \'2025-07-15\', \'Sample of item in vessel\', \'A\', \'B\', \'C\', \'KL232142\', \'Small\', \'10x20\', (\'Item 2\',\'Item 1\'), \'Sample of message here\', \'Test again for work required\', 0, \'2025\', \'2025-07-10 06:40:22\', \'2025-07-10 06:40:22\')', 0)
 2 SYSTEMPATH\Database\BaseConnection.php(738): CodeIgniter\Database\MySQLi\Connection->execute('INSERT INTO `request` (`accountID`, `control_number`, `from`, `date_prepared`, `date_needed`, `equipment_name`, `equipment_model`, `equipment_maker`, `equipment_brand`, `serial_number`, `size`, `dimension`, `problem`, `cause`, `work_required`, `status`, `year`, `created_at`, `updated_at`) VALUES (\'2\', \'FCM15-D/PRWRF-2025-001\', \'5\', \'2025-07-10\', \'2025-07-15\', \'Sample of item in vessel\', \'A\', \'B\', \'C\', \'KL232142\', \'Small\', \'10x20\', (\'Item 2\',\'Item 1\'), \'Sample of message here\', \'Test again for work required\', 0, \'2025\', \'2025-07-10 06:40:22\', \'2025-07-10 06:40:22\')')
 3 SYSTEMPATH\Database\BaseConnection.php(652): CodeIgniter\Database\BaseConnection->simpleQuery('INSERT INTO `request` (`accountID`, `control_number`, `from`, `date_prepared`, `date_needed`, `equipment_name`, `equipment_model`, `equipment_maker`, `equipment_brand`, `serial_number`, `size`, `dimension`, `problem`, `cause`, `work_required`, `status`, `year`, `created_at`, `updated_at`) VALUES (\'2\', \'FCM15-D/PRWRF-2025-001\', \'5\', \'2025-07-10\', \'2025-07-15\', \'Sample of item in vessel\', \'A\', \'B\', \'C\', \'KL232142\', \'Small\', \'10x20\', (\'Item 2\',\'Item 1\'), \'Sample of message here\', \'Test again for work required\', 0, \'2025\', \'2025-07-10 06:40:22\', \'2025-07-10 06:40:22\')')
 4 SYSTEMPATH\Database\BaseBuilder.php(2345): CodeIgniter\Database\BaseConnection->query('INSERT INTO `request` (`accountID`, `control_number`, `from`, `date_prepared`, `date_needed`, `equipment_name`, `equipment_model`, `equipment_maker`, `equipment_brand`, `serial_number`, `size`, `dimension`, `problem`, `cause`, `work_required`, `status`, `year`, `created_at`, `updated_at`) VALUES (:accountID:, :control_number:, :from:, :date_prepared:, :date_needed:, :equipment_name:, :equipment_model:, :equipment_maker:, :equipment_brand:, :serial_number:, :size:, :dimension:, :problem:, :cause:, :work_required:, :status:, :year:, :created_at:, :updated_at:)', [...], false)
 5 SYSTEMPATH\Model.php(394): CodeIgniter\Database\BaseBuilder->insert()
 6 SYSTEMPATH\BaseModel.php(839): CodeIgniter\Model->doInsert([...])
 7 SYSTEMPATH\Model.php(800): CodeIgniter\BaseModel->insert([...], false)
 8 SYSTEMPATH\BaseModel.php(750): CodeIgniter\Model->insert([...], false)
 9 APPPATH\Controllers\Save.php(72): CodeIgniter\BaseModel->save([...])
10 SYSTEMPATH\CodeIgniter.php(933): App\Controllers\Save->saveRequest()
11 SYSTEMPATH\CodeIgniter.php(507): CodeIgniter\CodeIgniter->runController(Object(App\Controllers\Save))
12 SYSTEMPATH\CodeIgniter.php(354): CodeIgniter\CodeIgniter->handleRequest(null, Object(Config\Cache), false)
13 SYSTEMPATH\Boot.php(334): CodeIgniter\CodeIgniter->run()
14 SYSTEMPATH\Boot.php(67): CodeIgniter\Boot::runCodeIgniter(Object(CodeIgniter\CodeIgniter))
15 FCPATH\index.php(56): CodeIgniter\Boot::bootWeb(Object(Config\Paths))
16 SYSTEMPATH\rewrite.php(44): require_once('C:\\xampp\\htdocs\\dpwrf\\public\\index.php')
DEBUG - 2025-07-10 06:40:40 --> Session: Class initialized using 'CodeIgniter\Session\Handlers\FileHandler' driver.
ERROR - 2025-07-10 06:40:40 --> mysqli_sql_exception: Operand should contain 1 column(s) in C:\xampp\htdocs\dpwrf\system\Database\MySQLi\Connection.php:327
Stack trace:
#0 C:\xampp\htdocs\dpwrf\system\Database\MySQLi\Connection.php(327): mysqli->query('INSERT INTO `re...', 0)
#1 C:\xampp\htdocs\dpwrf\system\Database\BaseConnection.php(738): CodeIgniter\Database\MySQLi\Connection->execute('INSERT INTO `re...')
#2 C:\xampp\htdocs\dpwrf\system\Database\BaseConnection.php(652): CodeIgniter\Database\BaseConnection->simpleQuery('INSERT INTO `re...')
#3 C:\xampp\htdocs\dpwrf\system\Database\BaseBuilder.php(2345): CodeIgniter\Database\BaseConnection->query('INSERT INTO `re...', Array, false)
#4 C:\xampp\htdocs\dpwrf\system\Model.php(394): CodeIgniter\Database\BaseBuilder->insert()
#5 C:\xampp\htdocs\dpwrf\system\BaseModel.php(839): CodeIgniter\Model->doInsert(Array)
#6 C:\xampp\htdocs\dpwrf\system\Model.php(800): CodeIgniter\BaseModel->insert(Array, false)
#7 C:\xampp\htdocs\dpwrf\system\BaseModel.php(750): CodeIgniter\Model->insert(Array, false)
#8 C:\xampp\htdocs\dpwrf\app\Controllers\Save.php(72): CodeIgniter\BaseModel->save(Array)
#9 C:\xampp\htdocs\dpwrf\system\CodeIgniter.php(933): App\Controllers\Save->saveRequest()
#10 C:\xampp\htdocs\dpwrf\system\CodeIgniter.php(507): CodeIgniter\CodeIgniter->runController(Object(App\Controllers\Save))
#11 C:\xampp\htdocs\dpwrf\system\CodeIgniter.php(354): CodeIgniter\CodeIgniter->handleRequest(NULL, Object(Config\Cache), false)
#12 C:\xampp\htdocs\dpwrf\system\Boot.php(334): CodeIgniter\CodeIgniter->run()
#13 C:\xampp\htdocs\dpwrf\system\Boot.php(67): CodeIgniter\Boot::runCodeIgniter(Object(CodeIgniter\CodeIgniter))
#14 C:\xampp\htdocs\dpwrf\public\index.php(56): CodeIgniter\Boot::bootWeb(Object(Config\Paths))
#15 C:\xampp\htdocs\dpwrf\system\rewrite.php(44): require_once('C:\\xampp\\htdocs...')
#16 {main}
CRITICAL - 2025-07-10 06:40:40 --> CodeIgniter\Database\Exceptions\DatabaseException: Operand should contain 1 column(s)
[Method: POST, Route: save-request]
in SYSTEMPATH\Database\BaseConnection.php on line 692.
 1 SYSTEMPATH\Database\BaseBuilder.php(2345): CodeIgniter\Database\BaseConnection->query('INSERT INTO `request` (`accountID`, `control_number`, `from`, `date_prepared`, `date_needed`, `equipment_name`, `equipment_model`, `equipment_maker`, `equipment_brand`, `serial_number`, `size`, `dimension`, `problem`, `cause`, `work_required`, `status`, `year`, `created_at`, `updated_at`) VALUES (:accountID:, :control_number:, :from:, :date_prepared:, :date_needed:, :equipment_name:, :equipment_model:, :equipment_maker:, :equipment_brand:, :serial_number:, :size:, :dimension:, :problem:, :cause:, :work_required:, :status:, :year:, :created_at:, :updated_at:)', [...], false)
 2 SYSTEMPATH\Model.php(394): CodeIgniter\Database\BaseBuilder->insert()
 3 SYSTEMPATH\BaseModel.php(839): CodeIgniter\Model->doInsert([...])
 4 SYSTEMPATH\Model.php(800): CodeIgniter\BaseModel->insert([...], false)
 5 SYSTEMPATH\BaseModel.php(750): CodeIgniter\Model->insert([...], false)
 6 APPPATH\Controllers\Save.php(72): CodeIgniter\BaseModel->save([...])
 7 SYSTEMPATH\CodeIgniter.php(933): App\Controllers\Save->saveRequest()
 8 SYSTEMPATH\CodeIgniter.php(507): CodeIgniter\CodeIgniter->runController(Object(App\Controllers\Save))
 9 SYSTEMPATH\CodeIgniter.php(354): CodeIgniter\CodeIgniter->handleRequest(null, Object(Config\Cache), false)
10 SYSTEMPATH\Boot.php(334): CodeIgniter\CodeIgniter->run()
11 SYSTEMPATH\Boot.php(67): CodeIgniter\Boot::runCodeIgniter(Object(CodeIgniter\CodeIgniter))
12 FCPATH\index.php(56): CodeIgniter\Boot::bootWeb(Object(Config\Paths))
13 SYSTEMPATH\rewrite.php(44): require_once('C:\\xampp\\htdocs\\dpwrf\\public\\index.php')
CRITICAL - 2025-07-10 06:40:40 --> [Caused by] CodeIgniter\Database\Exceptions\DatabaseException: Operand should contain 1 column(s)
in SYSTEMPATH\Database\MySQLi\Connection.php on line 332.
 1 SYSTEMPATH\Database\BaseConnection.php(738): CodeIgniter\Database\MySQLi\Connection->execute('INSERT INTO `request` (`accountID`, `control_number`, `from`, `date_prepared`, `date_needed`, `equipment_name`, `equipment_model`, `equipment_maker`, `equipment_brand`, `serial_number`, `size`, `dimension`, `problem`, `cause`, `work_required`, `status`, `year`, `created_at`, `updated_at`) VALUES (\'2\', \'FCM15-D/PRWRF-2025-001\', \'5\', \'2025-07-10\', \'2025-07-15\', \'Sample of item in vessel\', \'A\', \'B\', \'C\', \'KL232142\', \'Small\', \'10x20\', (\'Item 2\',\'Item 1\'), \'Sample of message here\', \'Test again for work required\', 0, \'2025\', \'2025-07-10 06:40:40\', \'2025-07-10 06:40:40\')')
 2 SYSTEMPATH\Database\BaseConnection.php(652): CodeIgniter\Database\BaseConnection->simpleQuery('INSERT INTO `request` (`accountID`, `control_number`, `from`, `date_prepared`, `date_needed`, `equipment_name`, `equipment_model`, `equipment_maker`, `equipment_brand`, `serial_number`, `size`, `dimension`, `problem`, `cause`, `work_required`, `status`, `year`, `created_at`, `updated_at`) VALUES (\'2\', \'FCM15-D/PRWRF-2025-001\', \'5\', \'2025-07-10\', \'2025-07-15\', \'Sample of item in vessel\', \'A\', \'B\', \'C\', \'KL232142\', \'Small\', \'10x20\', (\'Item 2\',\'Item 1\'), \'Sample of message here\', \'Test again for work required\', 0, \'2025\', \'2025-07-10 06:40:40\', \'2025-07-10 06:40:40\')')
 3 SYSTEMPATH\Database\BaseBuilder.php(2345): CodeIgniter\Database\BaseConnection->query('INSERT INTO `request` (`accountID`, `control_number`, `from`, `date_prepared`, `date_needed`, `equipment_name`, `equipment_model`, `equipment_maker`, `equipment_brand`, `serial_number`, `size`, `dimension`, `problem`, `cause`, `work_required`, `status`, `year`, `created_at`, `updated_at`) VALUES (:accountID:, :control_number:, :from:, :date_prepared:, :date_needed:, :equipment_name:, :equipment_model:, :equipment_maker:, :equipment_brand:, :serial_number:, :size:, :dimension:, :problem:, :cause:, :work_required:, :status:, :year:, :created_at:, :updated_at:)', [...], false)
 4 SYSTEMPATH\Model.php(394): CodeIgniter\Database\BaseBuilder->insert()
 5 SYSTEMPATH\BaseModel.php(839): CodeIgniter\Model->doInsert([...])
 6 SYSTEMPATH\Model.php(800): CodeIgniter\BaseModel->insert([...], false)
 7 SYSTEMPATH\BaseModel.php(750): CodeIgniter\Model->insert([...], false)
 8 APPPATH\Controllers\Save.php(72): CodeIgniter\BaseModel->save([...])
 9 SYSTEMPATH\CodeIgniter.php(933): App\Controllers\Save->saveRequest()
10 SYSTEMPATH\CodeIgniter.php(507): CodeIgniter\CodeIgniter->runController(Object(App\Controllers\Save))
11 SYSTEMPATH\CodeIgniter.php(354): CodeIgniter\CodeIgniter->handleRequest(null, Object(Config\Cache), false)
12 SYSTEMPATH\Boot.php(334): CodeIgniter\CodeIgniter->run()
13 SYSTEMPATH\Boot.php(67): CodeIgniter\Boot::runCodeIgniter(Object(CodeIgniter\CodeIgniter))
14 FCPATH\index.php(56): CodeIgniter\Boot::bootWeb(Object(Config\Paths))
15 SYSTEMPATH\rewrite.php(44): require_once('C:\\xampp\\htdocs\\dpwrf\\public\\index.php')
CRITICAL - 2025-07-10 06:40:40 --> [Caused by] mysqli_sql_exception: Operand should contain 1 column(s)
in SYSTEMPATH\Database\MySQLi\Connection.php on line 327.
 1 SYSTEMPATH\Database\MySQLi\Connection.php(327): mysqli->query('INSERT INTO `request` (`accountID`, `control_number`, `from`, `date_prepared`, `date_needed`, `equipment_name`, `equipment_model`, `equipment_maker`, `equipment_brand`, `serial_number`, `size`, `dimension`, `problem`, `cause`, `work_required`, `status`, `year`, `created_at`, `updated_at`) VALUES (\'2\', \'FCM15-D/PRWRF-2025-001\', \'5\', \'2025-07-10\', \'2025-07-15\', \'Sample of item in vessel\', \'A\', \'B\', \'C\', \'KL232142\', \'Small\', \'10x20\', (\'Item 2\',\'Item 1\'), \'Sample of message here\', \'Test again for work required\', 0, \'2025\', \'2025-07-10 06:40:40\', \'2025-07-10 06:40:40\')', 0)
 2 SYSTEMPATH\Database\BaseConnection.php(738): CodeIgniter\Database\MySQLi\Connection->execute('INSERT INTO `request` (`accountID`, `control_number`, `from`, `date_prepared`, `date_needed`, `equipment_name`, `equipment_model`, `equipment_maker`, `equipment_brand`, `serial_number`, `size`, `dimension`, `problem`, `cause`, `work_required`, `status`, `year`, `created_at`, `updated_at`) VALUES (\'2\', \'FCM15-D/PRWRF-2025-001\', \'5\', \'2025-07-10\', \'2025-07-15\', \'Sample of item in vessel\', \'A\', \'B\', \'C\', \'KL232142\', \'Small\', \'10x20\', (\'Item 2\',\'Item 1\'), \'Sample of message here\', \'Test again for work required\', 0, \'2025\', \'2025-07-10 06:40:40\', \'2025-07-10 06:40:40\')')
 3 SYSTEMPATH\Database\BaseConnection.php(652): CodeIgniter\Database\BaseConnection->simpleQuery('INSERT INTO `request` (`accountID`, `control_number`, `from`, `date_prepared`, `date_needed`, `equipment_name`, `equipment_model`, `equipment_maker`, `equipment_brand`, `serial_number`, `size`, `dimension`, `problem`, `cause`, `work_required`, `status`, `year`, `created_at`, `updated_at`) VALUES (\'2\', \'FCM15-D/PRWRF-2025-001\', \'5\', \'2025-07-10\', \'2025-07-15\', \'Sample of item in vessel\', \'A\', \'B\', \'C\', \'KL232142\', \'Small\', \'10x20\', (\'Item 2\',\'Item 1\'), \'Sample of message here\', \'Test again for work required\', 0, \'2025\', \'2025-07-10 06:40:40\', \'2025-07-10 06:40:40\')')
 4 SYSTEMPATH\Database\BaseBuilder.php(2345): CodeIgniter\Database\BaseConnection->query('INSERT INTO `request` (`accountID`, `control_number`, `from`, `date_prepared`, `date_needed`, `equipment_name`, `equipment_model`, `equipment_maker`, `equipment_brand`, `serial_number`, `size`, `dimension`, `problem`, `cause`, `work_required`, `status`, `year`, `created_at`, `updated_at`) VALUES (:accountID:, :control_number:, :from:, :date_prepared:, :date_needed:, :equipment_name:, :equipment_model:, :equipment_maker:, :equipment_brand:, :serial_number:, :size:, :dimension:, :problem:, :cause:, :work_required:, :status:, :year:, :created_at:, :updated_at:)', [...], false)
 5 SYSTEMPATH\Model.php(394): CodeIgniter\Database\BaseBuilder->insert()
 6 SYSTEMPATH\BaseModel.php(839): CodeIgniter\Model->doInsert([...])
 7 SYSTEMPATH\Model.php(800): CodeIgniter\BaseModel->insert([...], false)
 8 SYSTEMPATH\BaseModel.php(750): CodeIgniter\Model->insert([...], false)
 9 APPPATH\Controllers\Save.php(72): CodeIgniter\BaseModel->save([...])
10 SYSTEMPATH\CodeIgniter.php(933): App\Controllers\Save->saveRequest()
11 SYSTEMPATH\CodeIgniter.php(507): CodeIgniter\CodeIgniter->runController(Object(App\Controllers\Save))
12 SYSTEMPATH\CodeIgniter.php(354): CodeIgniter\CodeIgniter->handleRequest(null, Object(Config\Cache), false)
13 SYSTEMPATH\Boot.php(334): CodeIgniter\CodeIgniter->run()
14 SYSTEMPATH\Boot.php(67): CodeIgniter\Boot::runCodeIgniter(Object(CodeIgniter\CodeIgniter))
15 FCPATH\index.php(56): CodeIgniter\Boot::bootWeb(Object(Config\Paths))
16 SYSTEMPATH\rewrite.php(44): require_once('C:\\xampp\\htdocs\\dpwrf\\public\\index.php')
DEBUG - 2025-07-10 06:47:15 --> Session: Class initialized using 'CodeIgniter\Session\Handlers\FileHandler' driver.
DEBUG - 2025-07-10 06:48:23 --> Session: Class initialized using 'CodeIgniter\Session\Handlers\FileHandler' driver.
DEBUG - 2025-07-10 06:48:24 --> Session: Class initialized using 'CodeIgniter\Session\Handlers\FileHandler' driver.
DEBUG - 2025-07-10 06:48:29 --> Session: Class initialized using 'CodeIgniter\Session\Handlers\FileHandler' driver.
DEBUG - 2025-07-10 06:48:35 --> Session: Class initialized using 'CodeIgniter\Session\Handlers\FileHandler' driver.
DEBUG - 2025-07-10 06:48:48 --> Session: Class initialized using 'CodeIgniter\Session\Handlers\FileHandler' driver.
DEBUG - 2025-07-10 06:48:53 --> Session: Class initialized using 'CodeIgniter\Session\Handlers\FileHandler' driver.
DEBUG - 2025-07-10 06:48:53 --> Session: Class initialized using 'CodeIgniter\Session\Handlers\FileHandler' driver.
DEBUG - 2025-07-10 06:49:04 --> Session: Class initialized using 'CodeIgniter\Session\Handlers\FileHandler' driver.
DEBUG - 2025-07-10 06:49:04 --> Session: Class initialized using 'CodeIgniter\Session\Handlers\FileHandler' driver.
DEBUG - 2025-07-10 06:49:05 --> Session: Class initialized using 'CodeIgniter\Session\Handlers\FileHandler' driver.
DEBUG - 2025-07-10 06:49:07 --> Session: Class initialized using 'CodeIgniter\Session\Handlers\FileHandler' driver.
DEBUG - 2025-07-10 06:49:23 --> Session: Class initialized using 'CodeIgniter\Session\Handlers\FileHandler' driver.
DEBUG - 2025-07-10 06:49:23 --> Session: Class initialized using 'CodeIgniter\Session\Handlers\FileHandler' driver.
DEBUG - 2025-07-10 06:49:23 --> Session: Class initialized using 'CodeIgniter\Session\Handlers\FileHandler' driver.
DEBUG - 2025-07-10 06:49:31 --> Session: Class initialized using 'CodeIgniter\Session\Handlers\FileHandler' driver.
DEBUG - 2025-07-10 06:49:51 --> Session: Class initialized using 'CodeIgniter\Session\Handlers\FileHandler' driver.
DEBUG - 2025-07-10 06:49:58 --> Session: Class initialized using 'CodeIgniter\Session\Handlers\FileHandler' driver.
DEBUG - 2025-07-10 06:50:34 --> Session: Class initialized using 'CodeIgniter\Session\Handlers\FileHandler' driver.
DEBUG - 2025-07-10 06:50:34 --> Session: Class initialized using 'CodeIgniter\Session\Handlers\FileHandler' driver.
DEBUG - 2025-07-10 06:50:35 --> Session: Class initialized using 'CodeIgniter\Session\Handlers\FileHandler' driver.
DEBUG - 2025-07-10 06:51:57 --> Session: Class initialized using 'CodeIgniter\Session\Handlers\FileHandler' driver.
DEBUG - 2025-07-10 07:06:18 --> Session: Class initialized using 'CodeIgniter\Session\Handlers\FileHandler' driver.
DEBUG - 2025-07-10 07:08:26 --> Session: Class initialized using 'CodeIgniter\Session\Handlers\FileHandler' driver.
DEBUG - 2025-07-10 07:08:50 --> Session: Class initialized using 'CodeIgniter\Session\Handlers\FileHandler' driver.
